<?xml version="1.0" encoding="UTF-8"?>
<testsuite name="Ver una cita" tests="1" skipped="0" failures="0" errors="0" timestamp="2025-06-05T16:48:52" hostname="ANGIE" time="8.766">
  <properties/>
  <testcase name="Ver la cita qye se quiere cancelar" classname="Ver una cita" time="8.766"/>
  <system-out><![CDATA[    ?[32mDado ?[0m?[32mque el visitante está en la página de Mystical e ingresa a iniciarsesion?[0m ?[90m# LoginStepsdefinitions.queElVisitanteEstáEnLaPáginaDeMysticalEIngresaAIniciarsesion()?[0m
    ?[32mCuando ?[0m?[32mingresa las credenciales básicas:?[0m                                      ?[90m# LoginStepsdefinitions.ingresaLasCredencialesBásicas(CredencialesLogin>)?[0m

  @registro
  Escenario: Ver la cita qye se quiere cancelar    ?[90m# src/test/resources/features/QuotesCancel.feature:14?[0m
    ?[32mCuando ?[0m?[32mCancelar la cita que se quiere cancelar?[0m ?[90m# QuotesCancelStepsdefinitions.cancelarLaCitaQueSeQuiereCancelar()?[0m
    ?[32mEntonces ?[0m?[32mVerificar que se cancele la cita?[0m      ?[90m# QuotesCancelStepsdefinitions.verificarQueSeCanceleLaCita()?[0m
]]></system-out>
  <system-err><![CDATA[jun. 05, 2025 11:48:53 A. M. org.openqa.selenium.remote.DesiredCapabilities chrome
INFO: Using `new ChromeOptions()` is preferred to `DesiredCapabilities.chrome()`
[Test worker] INFO net.serenitybdd.core.webdriver.driverproviders.ProvideNewDriver - Instantiating driver
[Test worker] INFO net.serenitybdd.core.webdriver.driverproviders.ProvideNewDriver - Driver capabilities: Capabilities {acceptInsecureCerts: false, browserName: chrome, goog:chromeOptions: {args: [], extensions: [], prefs: {behavior: allow}}, loggingPrefs: org.openqa.selenium.logging..., name: proyecto, platform: ANY, unhandledPromptBehavior: ignore, version: }
Starting ChromeDriver 136.0.7103.94 (fa0be0b33debeb378a8e6ad9c599be34e2dc3b37-refs/branch-heads/7103@{#1842}) on port 11858
Only local connections are allowed.
Please see https://chromedriver.chromium.org/security-considerations for suggestions on keeping ChromeDriver safe.
ChromeDriver was started successfully on port 11858.
[1749142135.046][WARNING]: This version of ChromeDriver has not been tested with Chrome version 137.
jun. 05, 2025 11:48:55 A. M. org.openqa.selenium.remote.ProtocolHandshake createSession
INFO: Detected dialect: W3C
[Test worker] INFO net.thucydides.core.steps.ConsoleLoggingListener - 
        __    _____ _____ ____ _____   ____   _    ____  ____  _____ ____  
  _     \ \  |_   _| ____/ ___|_   _| |  _ \ / \  / ___|/ ___|| ____|  _ \ 
 (_)_____| |   | | |  _| \___ \ | |   | |_) / _ \ \___ \\___ \|  _| | | | |
  _|_____| |   | | | |___ ___) || |   |  __/ ___ \ ___) |___) | |___| |_| |
 (_)     | |   |_| |_____|____/ |_|   |_| /_/   \_\____/|____/|_____|____/ 
        /_/                                                                

TEST PASSED: Ver la cita qye se quiere cancelar
----------------------------------------------------------------------------
]]></system-err>
</testsuite>
