<?xml version="1.0" encoding="UTF-8"?>
<testsuite name="Autenticacion en la pagina de Facebook" tests="1" skipped="1" failures="0" errors="0" timestamp="2025-05-17T02:19:57" hostname="ANGIE" time="0.017">
  <properties/>
  <testcase name="Verificar la autenticacion exitosa en la pagina de Facebook" classname="Autenticacion en la pagina de Facebook" time="0.017">
    <skipped/>
  </testcase>
  <system-out><![CDATA[]]></system-out>
  <system-err><![CDATA[[Test worker] INFO net.thucydides.core.steps.ConsoleLoggingListener - TEST PENDING
[Test worker] INFO net.thucydides.core.steps.ConsoleLoggingListener - 
          __  _____ _____ ____ _____   ____  _____ _   _ ____ ___ _   _  ____ 
 _       / / |_   _| ____/ ___|_   _| |  _ \| ____| \ | |  _ \_ _| \ | |/ ___|
(_)____ / /    | | |  _| \___ \ | |   | |_) |  _| |  \| | | | | ||  \| | |  _ 
 |_____/ /     | | | |___ ___) || |   |  __/| |___| |\  | |_| | || |\  | |_| |
(_)   /_/      |_| |_____|____/ |_|   |_|   |_____|_| \_|____/___|_| \_|\____|
                                                                                

TEST PENDING: Verificar la autenticacion exitosa en la pagina de Facebook
---------------------------------------------------------------------------------
]]></system-err>
</testsuite>
